FoodOrderApp/app/build/intermediates/manifest_merge_blame_file/debug/manifest-merger-blame-debug-report.txt
1<?xml version="1.0" encoding="utf-8"?>
2<manifest xmlns:android="http://schemas.android.com/apk/res/android"
3    package="com.android.foodorderapp"
4    android:versionCode="1"
5    android:versionName="1.0" >
6
7    <uses-sdk
8        android:minSdkVersion="24"
8-->src/main/AndroidManifest.xml
9        android:targetSdkVersion="29" />
9-->src/main/AndroidManifest.xml
10
11    <uses-permission android:name="android.permission.INTERNET" />
11-->src/main/AndroidManifest.xml:4:3-64
11-->src/main/AndroidManifest.xml:4:20-62
12
13    <application
13-->src/main/AndroidManifest.xml:5:5-24:19
14        android:allowBackup="true"
14-->src/main/AndroidManifest.xml:7:9-35
15        android:appComponentFactory="androidx.core.app.CoreComponentFactory"
15-->[androidx.core:core:1.3.1] AndroidManifest.xml:24:18-86
16        android:debuggable="true"
17        android:extractNativeLibs="false"
18        android:icon="@mipmap/ic_launcher"
18-->src/main/AndroidManifest.xml:8:9-43
19        android:label="@string/app_name"
19-->src/main/AndroidManifest.xml:9:9-41
20        android:networkSecurityConfig="@xml/network_security_config"
20-->src/main/AndroidManifest.xml:6:9-69
21        android:roundIcon="@mipmap/ic_launcher_round"
21-->src/main/AndroidManifest.xml:10:9-54
22        android:supportsRtl="true"
22-->src/main/AndroidManifest.xml:11:9-35
23        android:testOnly="true"
24        android:theme="@style/Theme.FoodOrderApp" >
24-->src/main/AndroidManifest.xml:12:9-50
25        <activity android:name="com.android.foodorderapp.OrderSucceessActivity" />
25-->src/main/AndroidManifest.xml:13:9-68
25-->src/main/AndroidManifest.xml:13:19-56
26        <activity android:name="com.android.foodorderapp.PlaceYourOrderActivity" />
26-->src/main/AndroidManifest.xml:14:9-60
26-->src/main/AndroidManifest.xml:14:19-57
27        <activity android:name="com.android.foodorderapp.RestaurantMenuActivity" />
27-->src/main/AndroidManifest.xml:15:9-60
27-->src/main/AndroidManifest.xml:15:19-57
28        <activity android:name="com.android.foodorderapp.SplashActivity" >
28-->src/main/AndroidManifest.xml:16:9-22:20
28-->src/main/AndroidManifest.xml:16:19-49
29            <intent-filter>
29-->src/main/AndroidManifest.xml:17:13-21:29
30                <action android:name="android.intent.action.MAIN" />
30-->src/main/AndroidManifest.xml:18:17-69
30-->src/main/AndroidManifest.xml:18:25-66
31
32                <category android:name="android.intent.category.LAUNCHER" />
32-->src/main/AndroidManifest.xml:20:17-77
32-->src/main/AndroidManifest.xml:20:27-74
33            </intent-filter>
34        </activity>
35        <activity android:name="com.android.foodorderapp.MainActivity" />
35-->src/main/AndroidManifest.xml:23:9-50
35-->src/main/AndroidManifest.xml:23:19-47
36    </application>
37
38</manifest>